FinalRelease/Code/codes/build/app/outputs/mapping/release/mapping.txt
# compiler: R8
# compiler_version: 1.5.64
# min_api: 16
# pg_map_id: a2c042e
com.example.demo5.-$$Lambda$MainActivity$1$4kEqCEGvP8cnqW8zy9E87kg-RNA -> com.example.demo5.a:
    com.example.demo5.MainActivity$1 f$0 -> a
    void onShake() -> a
com.example.demo5.AudioSensor.AudioRecordManager -> com.example.demo5.b.a:
    android.os.Handler mHandler -> c
    java.lang.Object mLock -> e
    int BUFFER_SIZE -> f
    android.media.AudioRecord mAudioRecord -> a
    int mWhat -> d
    boolean isGetVoiceRun -> b
    android.media.AudioRecord access$000(com.example.demo5.AudioSensor.AudioRecordManager) -> a
    android.media.AudioRecord access$002(com.example.demo5.AudioSensor.AudioRecordManager,android.media.AudioRecord) -> a
    void getNoiseLevel() -> a
    int access$100(com.example.demo5.AudioSensor.AudioRecordManager) -> b
    void stopRecord() -> b
    android.os.Handler access$200(com.example.demo5.AudioSensor.AudioRecordManager) -> c
com.example.demo5.AudioSensor.AudioRecordManager$1 -> com.example.demo5.b.a$a:
    com.example.demo5.AudioSensor.AudioRecordManager this$0 -> e
com.example.demo5.MainActivity -> com.example.demo5.MainActivity:
    android.content.Intent serviceIntent -> g
    com.example.demo5.MainActivity instance -> k
    io.flutter.plugin.common.MethodChannel methodChannel -> h
    com.example.demo5.AudioSensor.AudioRecordManager audioRecordManger -> i
    com.baidu.aip.imageclassify.AipImageClassify client -> j
    byte[] InputStreamToByte(java.io.InputStream) -> a
    android.content.Intent access$000(com.example.demo5.MainActivity) -> a
    void access$100(com.example.demo5.MainActivity,int,int,java.lang.String,int) -> a
    void access$200(com.example.demo5.MainActivity,int,int) -> a
    byte[] access$300(com.example.demo5.MainActivity,java.io.InputStream) -> a
    com.example.demo5.AudioSensor.AudioRecordManager access$402(com.example.demo5.MainActivity,com.example.demo5.AudioSensor.AudioRecordManager) -> a
    void alarm(int,int,java.lang.String,int) -> a
    void cancelAlarm(int,int) -> a
    void music(java.lang.String) -> a
    com.example.demo5.AudioSensor.AudioRecordManager access$400(com.example.demo5.MainActivity) -> b
    io.flutter.plugin.common.MethodChannel access$500(com.example.demo5.MainActivity) -> c
    java.util.Map getAppList() -> u
    void highPitch() -> v
    void shake() -> w
com.example.demo5.MainActivity$1 -> com.example.demo5.MainActivity$a:
    com.example.demo5.ShakeSensor.SensorManagerHelper val$sensorHelper -> a
    com.example.demo5.MainActivity this$0 -> b
    void lambda$onMethodCall$0() -> a
    void onMethodCall(io.flutter.plugin.common.MethodCall,io.flutter.plugin.common.MethodChannel$Result) -> a
com.example.demo5.MainActivity$1$1 -> com.example.demo5.MainActivity$a$a:
    io.flutter.plugin.common.MethodChannel$Result val$result -> a
com.example.demo5.MainActivity$1$2 -> com.example.demo5.MainActivity$a$b:
    android.os.Handler val$uiHandler -> g
    java.util.List val$keyword -> f
    com.example.demo5.MainActivity$1 this$1 -> h
    java.lang.String val$path -> e
com.example.demo5.MainActivity$1$3 -> com.example.demo5.MainActivity$a$c:
    com.example.demo5.MainActivity$1 this$1 -> a
com.example.demo5.ProcessLock.PermissionActivity -> com.example.demo5.ProcessLock.PermissionActivity:
    void showNormalDialog() -> a
com.example.demo5.ProcessLock.PermissionActivity$1 -> com.example.demo5.ProcessLock.PermissionActivity$a:
    com.example.demo5.ProcessLock.PermissionActivity this$0 -> e
com.example.demo5.ProcessLock.PermissionActivity$2 -> com.example.demo5.ProcessLock.PermissionActivity$b:
    com.example.demo5.ProcessLock.PermissionActivity this$0 -> e
...
io.flutter.embedding.android.FlutterView -> io.flutter.embedding.android.l:
    io.flutter.embedding.engine.renderer.FlutterRenderer$ViewportMetrics viewportMetrics -> s
    io.flutter.embedding.android.FlutterImageView flutterImageView -> g
    boolean isFlutterUiDisplayed -> k
    io.flutter.embedding.android.FlutterSurfaceView flutterSurfaceView -> e
    io.flutter.embedding.engine.renderer.RenderSurface renderSurface -> h
    io.flutter.embedding.engine.renderer.RenderSurface previousRenderSurface -> i
    io.flutter.embedding.engine.FlutterEngine flutterEngine -> l
    java.util.Set flutterUiDisplayListeners -> j
    io.flutter.plugin.editing.TextInputPlugin textInputPlugin -> n
    io.flutter.embedding.android.AndroidTouchProcessor androidTouchProcessor -> q
    io.flutter.view.AccessibilityBridge$OnAccessibilityChangeListener onAccessibilityChangeListener -> t
    io.flutter.embedding.android.FlutterTextureView flutterTextureView -> f
    io.flutter.plugin.localization.LocalizationPlugin localizationPlugin -> o
    io.flutter.embedding.android.AndroidKeyProcessor androidKeyProcessor -> p
    io.flutter.view.AccessibilityBridge accessibilityBridge -> r
    io.flutter.embedding.engine.renderer.FlutterUiDisplayListener flutterUiDisplayListener -> u
    java.util.Set flutterEngineAttachmentListeners -> m
    void access$000(io.flutter.embedding.android.FlutterView,boolean,boolean) -> a
    boolean access$102(io.flutter.embedding.android.FlutterView,boolean) -> a
io.flutter.embedding.android.FlutterView$1 -> io.flutter.embedding.android.l$a:
    io.flutter.embedding.android.FlutterView this$0 -> a
    void onAccessibilityChanged(boolean,boolean) -> a
io.flutter.embedding.android.FlutterView$2 -> io.flutter.embedding.android.l$b:
    io.flutter.embedding.android.FlutterView this$0 -> a
    void onFlutterUiNoLongerDisplayed() -> c
    void onFlutterUiDisplayed() -> d
io.flutter.embedding.android.FlutterView$3 -> io.flutter.embedding.android.l$c:
    java.lang.Runnable val$onDone -> b
    io.flutter.embedding.engine.renderer.FlutterRenderer val$renderer -> a
    io.flutter.embedding.android.FlutterView this$0 -> c
    void onFlutterUiNoLongerDisplayed() -> c
    void onFlutterUiDisplayed() -> d
io.flutter.embedding.android.FlutterView$FlutterEngineAttachmentListener -> io.flutter.embedding.android.l$d:
    void onFlutterEngineAttachedToFlutterView(io.flutter.embedding.engine.FlutterEngine) -> a
    void onFlutterEngineDetachedFromFlutterView() -> a
io.flutter.embedding.android.FlutterView$ZeroSides -> io.flutter.embedding.android.l$e:
    io.flutter.embedding.android.FlutterView$ZeroSides[] $VALUES -> i
    io.flutter.embedding.android.FlutterView$ZeroSides BOTH -> h
    io.flutter.embedding.android.FlutterView$ZeroSides RIGHT -> g
    io.flutter.embedding.android.FlutterView$ZeroSides LEFT -> f
    io.flutter.embedding.android.FlutterView$ZeroSides NONE -> e
io.flutter.embedding.android.MotionEventTracker -> io.flutter.embedding.android.m:
    java.util.PriorityQueue unusedEvents -> b
    android.util.LongSparseArray eventById -> a
    io.flutter.embedding.android.MotionEventTracker INSTANCE -> c
    io.flutter.embedding.android.MotionEventTracker getInstance() -> a
    android.view.MotionEvent pop(io.flutter.embedding.android.MotionEventTracker$MotionEventId) -> a
    io.flutter.embedding.android.MotionEventTracker$MotionEventId track(android.view.MotionEvent) -> a
io.flutter.embedding.android.MotionEventTracker$MotionEventId -> io.flutter.embedding.android.m$a:
    java.util.concurrent.atomic.AtomicLong ID_COUNTER -> b
    long id -> a
    long access$000(io.flutter.embedding.android.MotionEventTracker$MotionEventId) -> a
    io.flutter.embedding.android.MotionEventTracker$MotionEventId from(long) -> a
    long getId() -> a
    io.flutter.embedding.android.MotionEventTracker$MotionEventId createUnique() -> b